[I 260718 17:56:01 smartConnect:124] in pool
[D 260718 18:03:09 data_feed:65] Fetched 75 candles for token 99926000
[D 260718 18:03:10 data_feed:65] Fetched 75 candles for token 99926009
[D 260718 18:03:24 data_feed:65] Fetched 75 candles for token 99926000
[D 260718 18:03:25 data_feed:65] Fetched 75 candles for token 99926009
[D 260718 18:03:53 data_feed:65] Fetched 75 candles for token 99926000
[D 260718 18:03:54 data_feed:65] Fetched 75 candles for token 99926009
[I 260718 18:04:11 smartConnect:124] in pool
[D 260718 18:08:21 data_feed:65] Fetched 75 candles for token 99926000
[D 260718 18:08:22 data_feed:65] Fetched 75 candles for token 99926009
[D 260718 18:09:21 data_feed:65] Fetched 75 candles for token 99926000
[D 260718 18:09:22 data_feed:65] Fetched 75 candles for token 99926009
[D 260718 18:10:21 data_feed:65] Fetched 75 candles for token 99926000
[D 260718 18:10:22 data_feed:65] Fetched 75 candles for token 99926009
[I 260718 18:10:59 smartConnect:124] in pool
[D 260718 18:15:11 data_feed:65] Fetched 75 candles for token 99926000
[D 260718 18:15:12 data_feed:65] Fetched 75 candles for token 99926009
[D 260718 18:16:11 data_feed:65] Fetched 75 candles for token 99926000
[D 260718 18:16:12 data_feed:65] Fetched 75 candles for token 99926009
[I 260718 18:16:34 smartConnect:124] in pool
[D 260718 18:19:47 data_feed:65] Fetched 75 candles for token 99926000
[D 260718 18:19:48 data_feed:65] Fetched 75 candles for token 99926009
[I 260718 18:20:01 smartConnect:124] in pool
[D 260718 18:22:07 data_feed:65] Fetched 75 candles for token 99926000
[D 260718 18:22:08 data_feed:65] Fetched 75 candles for token 99926009
[I 260718 18:23:04 smartConnect:124] in pool
[D 260718 18:25:34 data_feed:71] Fetched 75 candles for token 99926000
[D 260718 18:26:33 data_feed:71] Fetched 75 candles for token 99926000
[I 260718 18:26:39 smartConnect:124] in pool
[I 260718 18:28:57 smartConnect:124] in pool
[I 260718 18:29:38 smartConnect:124] in pool
[I 260718 18:30:02 smartConnect:124] in pool
[I 260718 18:30:41 smartConnect:124] in pool
[D 260718 18:31:00 data_feed:71] Fetched 75 candles for token 99926000
[D 260718 18:31:01 data_feed:71] Fetched 75 candles for token 99926009
[D 260718 18:31:08 data_feed:71] Fetched 75 candles for token 99926000
[D 260718 18:31:09 data_feed:71] Fetched 75 candles for token 99926009
[I 260718 18:31:20 smartConnect:124] in pool
[I 260718 18:33:10 smartConnect:124] in pool
[I 260718 18:36:41 smartConnect:124] in pool
[I 260718 18:43:16 smartConnect:124] in pool
[I 260718 18:44:50 smartConnect:124] in pool
[D 260718 18:45:15 data_feed:71] Fetched 75 candles for token 99926000
[D 260718 18:45:16 data_feed:71] Fetched 75 candles for token 99926009
[I 260718 18:45:42 smartConnect:124] in pool
[I 260718 18:48:51 smartConnect:124] in pool
[D 260718 18:50:45 data_feed:71] Fetched 75 candles for token 99926000
[D 260718 18:50:46 data_feed:71] Fetched 75 candles for token 99926009
[D 260718 18:51:45 data_feed:71] Fetched 75 candles for token 99926000
[D 260718 18:51:46 data_feed:71] Fetched 75 candles for token 99926009
[D 260718 18:52:45 data_feed:57] Chunk 2026-07-17 – 2026-07-18: 75 candles
[I 260718 18:52:45 data_feed:110] fetch_candles: 75 total candles over 1 days for token 99926000
[D 260718 18:52:46 data_feed:57] Chunk 2026-07-17 – 2026-07-18: 75 candles
[I 260718 18:52:46 data_feed:110] fetch_candles: 75 total candles over 1 days for token 99926009
[I 260718 18:53:29 smartConnect:124] in pool
[I 260718 18:53:57 smartConnect:124] in pool
[I 260718 19:01:22 smartConnect:124] in pool
[D 260718 19:03:20 data_feed:57] Chunk 2026-07-17 – 2026-07-18: 75 candles
[I 260718 19:03:20 data_feed:110] fetch_candles: 75 total candles over 1 days for token 99926000
[D 260718 19:03:21 data_feed:57] Chunk 2026-07-17 – 2026-07-18: 75 candles
[I 260718 19:03:21 data_feed:110] fetch_candles: 75 total candles over 1 days for token 99926009
[D 260718 19:04:20 data_feed:57] Chunk 2026-07-17 – 2026-07-18: 75 candles
[I 260718 19:04:20 data_feed:110] fetch_candles: 75 total candles over 1 days for token 99926000
[D 260718 19:04:21 data_feed:57] Chunk 2026-07-17 – 2026-07-18: 75 candles
[I 260718 19:04:21 data_feed:110] fetch_candles: 75 total candles over 1 days for token 99926009
[I 260718 19:04:55 smartConnect:124] in pool
[D 260718 19:05:21 data_feed:57] Chunk 2026-07-17 – 2026-07-18: 75 candles
[I 260718 19:05:21 data_feed:110] fetch_candles: 75 total candles over 1 days for token 99926000
[D 260718 19:05:22 data_feed:57] Chunk 2026-07-17 – 2026-07-18: 75 candles
[I 260718 19:05:22 data_feed:110] fetch_candles: 75 total candles over 1 days for token 99926009
[I 260718 19:06:02 smartConnect:124] in pool
[D 260718 19:06:22 data_feed:57] Chunk 2026-07-17 – 2026-07-18: 75 candles
[I 260718 19:06:22 data_feed:110] fetch_candles: 75 total candles over 1 days for token 99926000
[D 260718 19:06:23 data_feed:57] Chunk 2026-07-17 – 2026-07-18: 75 candles
[I 260718 19:06:23 data_feed:110] fetch_candles: 75 total candles over 1 days for token 99926009
[D 260718 19:07:23 data_feed:57] Chunk 2026-07-17 – 2026-07-18: 75 candles
[I 260718 19:07:23 data_feed:110] fetch_candles: 75 total candles over 1 days for token 99926000
[D 260718 19:07:24 data_feed:57] Chunk 2026-07-17 – 2026-07-18: 75 candles
[I 260718 19:07:24 data_feed:110] fetch_candles: 75 total candles over 1 days for token 99926009
[I 260718 19:07:34 smartConnect:124] in pool
[I 260718 19:08:09 smartConnect:124] in pool
[D 260718 19:08:24 data_feed:57] Chunk 2026-07-17 – 2026-07-18: 75 candles
[I 260718 19:08:24 data_feed:110] fetch_candles: 75 total candles over 1 days for token 99926000
[D 260718 19:08:25 data_feed:57] Chunk 2026-07-17 – 2026-07-18: 75 candles
[I 260718 19:08:25 data_feed:110] fetch_candles: 75 total candles over 1 days for token 99926009
[I 260718 19:09:19 smartConnect:124] in pool
[D 260718 19:09:25 data_feed:57] Chunk 2026-07-17 – 2026-07-18: 75 candles
[I 260718 19:09:25 data_feed:110] fetch_candles: 75 total candles over 1 days for token 99926000
[D 260718 19:09:26 data_feed:57] Chunk 2026-07-17 – 2026-07-18: 75 candles
[I 260718 19:09:26 data_feed:110] fetch_candles: 75 total candles over 1 days for token 99926009
[I 260718 19:10:16 smartConnect:124] in pool
[D 260718 19:10:26 data_feed:57] Chunk 2026-07-17 – 2026-07-18: 75 candles
[I 260718 19:10:26 data_feed:110] fetch_candles: 75 total candles over 1 days for token 99926000
[D 260718 19:10:27 data_feed:57] Chunk 2026-07-17 – 2026-07-18: 75 candles
[I 260718 19:10:27 data_feed:110] fetch_candles: 75 total candles over 1 days for token 99926009
[I 260718 19:11:01 smartConnect:124] in pool
[D 260718 19:11:19 data_feed:57] Chunk 2026-07-17 – 2026-07-18: 75 candles
[I 260718 19:11:19 data_feed:110] fetch_candles: 75 total candles over 1 days for token 99926000
[D 260718 19:11:19 data_feed:57] Chunk 2026-07-17 – 2026-07-18: 75 candles
[I 260718 19:11:19 data_feed:110] fetch_candles: 75 total candles over 1 days for token 99926009
[D 260718 19:11:20 data_feed:57] Chunk 2026-07-17 – 2026-07-18: 75 candles
[I 260718 19:11:20 data_feed:110] fetch_candles: 75 total candles over 1 days for token 99926000
[D 260718 19:11:21 data_feed:57] Chunk 2026-06-18 – 2026-07-18: 1575 candles
[D 260718 19:11:21 data_feed:57] Chunk 2026-07-17 – 2026-07-18: 75 candles
[I 260718 19:11:21 data_feed:110] fetch_candles: 75 total candles over 1 days for token 99926009
[D 260718 19:11:22 data_feed:57] Chunk 2026-05-18 – 2026-06-17: 1575 candles
[D 260718 19:11:23 data_feed:57] Chunk 2026-04-17 – 2026-05-17: 1500 candles
[I 260718 19:11:23 data_feed:110] fetch_candles: 4650 total candles over 93 days for token 99926000
[D 260718 19:11:24 data_feed:57] Chunk 2026-07-17 – 2026-07-18: 75 candles
[I 260718 19:11:24 data_feed:110] fetch_candles: 75 total candles over 1 days for token 99926000
[D 260718 19:11:25 data_feed:57] Chunk 2026-07-17 – 2026-07-18: 75 candles
[I 260718 19:11:25 data_feed:110] fetch_candles: 75 total candles over 1 days for token 99926009
[D 260718 19:11:26 data_feed:57] Chunk 2026-07-17 – 2026-07-18: 75 candles
[I 260718 19:11:26 data_feed:110] fetch_candles: 75 total candles over 1 days for token 99926000
[D 260718 19:11:26 data_feed:57] Chunk 2026-07-17 – 2026-07-18: 75 candles
[I 260718 19:11:26 data_feed:110] fetch_candles: 75 total candles over 1 days for token 99926009
[D 260718 19:11:27 data_feed:57] Chunk 2026-07-05 – 2026-07-18: 750 candles
[I 260718 19:11:27 data_feed:110] fetch_candles: 750 total candles over 13 days for token 99926000
[D 260718 19:11:28 data_feed:57] Chunk 2026-07-05 – 2026-07-18: 750 candles
[I 260718 19:11:28 data_feed:110] fetch_candles: 750 total candles over 13 days for token 99926009
[I 260718 19:11:56 smartConnect:124] in pool
[D 260718 19:12:20 data_feed:57] Chunk 2026-07-17 – 2026-07-18: 75 candles
[I 260718 19:12:20 data_feed:110] fetch_candles: 75 total candles over 1 days for token 99926000
[D 260718 19:12:21 data_feed:57] Chunk 2026-07-17 – 2026-07-18: 75 candles
[I 260718 19:12:21 data_feed:110] fetch_candles: 75 total candles over 1 days for token 99926009
[I 260718 19:12:24 smartConnect:124] in pool
[I 260718 19:12:51 smartConnect:124] in pool
[D 260718 19:13:14 data_feed:57] Chunk 2026-07-17 – 2026-07-18: 75 candles
[I 260718 19:13:14 data_feed:110] fetch_candles: 75 total candles over 1 days for token 99926000
[D 260718 19:13:15 data_feed:57] Chunk 2026-07-17 – 2026-07-18: 75 candles
[I 260718 19:13:15 data_feed:110] fetch_candles: 75 total candles over 1 days for token 99926009
[D 260718 19:13:15 data_feed:57] Chunk 2026-07-17 – 2026-07-18: 75 candles
[I 260718 19:13:15 data_feed:110] fetch_candles: 75 total candles over 1 days for token 99926000
[D 260718 19:13:16 data_feed:57] Chunk 2026-07-17 – 2026-07-18: 75 candles
[I 260718 19:13:16 data_feed:110] fetch_candles: 75 total candles over 1 days for token 99926009
[D 260718 19:13:17 data_feed:57] Chunk 2026-06-25 – 2026-07-18: 1200 candles
[I 260718 19:13:17 data_feed:110] fetch_candles: 1200 total candles over 23 days for token 99926000
[D 260718 19:13:18 data_feed:57] Chunk 2026-06-25 – 2026-07-18: 1200 candles
[I 260718 19:13:18 data_feed:110] fetch_candles: 1200 total candles over 23 days for token 99926009
[D 260718 19:13:20 data_feed:57] Chunk 2026-07-17 – 2026-07-18: 75 candles
[I 260718 19:13:20 data_feed:110] fetch_candles: 75 total candles over 1 days for token 99926000
[D 260718 19:13:21 data_feed:57] Chunk 2026-07-17 – 2026-07-18: 75 candles
[I 260718 19:13:21 data_feed:110] fetch_candles: 75 total candles over 1 days for token 99926009
[D 260718 19:13:23 data_feed:57] Chunk 2026-07-17 – 2026-07-18: 75 candles
[I 260718 19:13:23 data_feed:110] fetch_candles: 75 total candles over 1 days for token 99926000
[D 260718 19:13:24 data_feed:57] Chunk 2026-07-17 – 2026-07-18: 75 candles
[I 260718 19:13:24 data_feed:110] fetch_candles: 75 total candles over 1 days for token 99926009
[D 260718 19:13:25 data_feed:57] Chunk 2026-07-17 – 2026-07-18: 75 candles
[I 260718 19:13:25 data_feed:110] fetch_candles: 75 total candles over 1 days for token 99926000
[D 260718 19:13:26 data_feed:57] Chunk 2026-07-17 – 2026-07-18: 75 candles
[I 260718 19:13:26 data_feed:110] fetch_candles: 75 total candles over 1 days for token 99926009
[D 260718 19:13:27 data_feed:57] Chunk 2026-06-18 – 2026-07-18: 1575 candles
[D 260718 19:13:29 data_feed:57] Chunk 2026-06-15 – 2026-06-17: 150 candles
[I 260718 19:13:29 data_feed:110] fetch_candles: 1725 total candles over 33 days for token 99926000
[D 260718 19:13:31 data_feed:57] Chunk 2026-06-18 – 2026-07-18: 1575 candles
[D 260718 19:13:32 data_feed:57] Chunk 2026-06-15 – 2026-06-17: 150 candles
[I 260718 19:13:32 data_feed:110] fetch_candles: 1725 total candles over 33 days for token 99926009
[D 260718 19:13:37 data_feed:57] Chunk 2026-07-17 – 2026-07-18: 75 candles
[I 260718 19:13:37 data_feed:110] fetch_candles: 75 total candles over 1 days for token 99926000
[D 260718 19:13:37 data_feed:57] Chunk 2026-07-17 – 2026-07-18: 75 candles
[I 260718 19:13:37 data_feed:110] fetch_candles: 75 total candles over 1 days for token 99926009
[D 260718 19:13:38 data_feed:57] Chunk 2026-07-17 – 2026-07-18: 75 candles
[I 260718 19:13:38 data_feed:110] fetch_candles: 75 total candles over 1 days for token 99926000
[D 260718 19:13:39 data_feed:57] Chunk 2026-07-17 – 2026-07-18: 75 candles
[I 260718 19:13:39 data_feed:110] fetch_candles: 75 total candles over 1 days for token 99926009
[D 260718 19:13:40 data_feed:57] Chunk 2026-06-18 – 2026-07-18: 1575 candles
[D 260718 19:13:41 data_feed:57] Chunk 2026-05-18 – 2026-06-17: 1575 candles
[I 260718 19:13:43 data_feed:110] fetch_candles: 3150 total candles over 63 days for token 99926000
[D 260718 19:13:44 data_feed:57] Chunk 2026-06-18 – 2026-07-18: 1575 candles
[D 260718 19:13:46 data_feed:57] Chunk 2026-05-18 – 2026-06-17: 1575 candles
[I 260718 19:13:47 data_feed:110] fetch_candles: 3150 total candles over 63 days for token 99926009
[D 260718 19:14:20 data_feed:57] Chunk 2026-07-17 – 2026-07-18: 75 candles
[I 260718 19:14:20 data_feed:110] fetch_candles: 75 total candles over 1 days for token 99926000
[D 260718 19:14:21 data_feed:57] Chunk 2026-07-17 – 2026-07-18: 75 candles
[I 260718 19:14:21 data_feed:110] fetch_candles: 75 total candles over 1 days for token 99926009
[D 260718 19:15:21 data_feed:57] Chunk 2026-07-17 – 2026-07-18: 75 candles
[I 260718 19:15:21 data_feed:110] fetch_candles: 75 total candles over 1 days for token 99926000
[D 260718 19:15:21 data_feed:57] Chunk 2026-07-17 – 2026-07-18: 75 candles
[I 260718 19:15:21 data_feed:110] fetch_candles: 75 total candles over 1 days for token 99926009
[D 260718 19:16:21 data_feed:57] Chunk 2026-07-17 – 2026-07-18: 75 candles
[I 260718 19:16:21 data_feed:110] fetch_candles: 75 total candles over 1 days for token 99926000
[D 260718 19:16:22 data_feed:57] Chunk 2026-07-17 – 2026-07-18: 75 candles
[I 260718 19:16:22 data_feed:110] fetch_candles: 75 total candles over 1 days for token 99926009
[D 260718 19:17:22 data_feed:57] Chunk 2026-07-17 – 2026-07-18: 75 candles
[I 260718 19:17:22 data_feed:110] fetch_candles: 75 total candles over 1 days for token 99926000
[D 260718 19:17:23 data_feed:57] Chunk 2026-07-17 – 2026-07-18: 75 candles
[I 260718 19:17:23 data_feed:110] fetch_candles: 75 total candles over 1 days for token 99926009
[I 260718 19:18:16 smartConnect:124] in pool
[D 260718 19:18:23 data_feed:57] Chunk 2026-07-17 – 2026-07-18: 75 candles
[I 260718 19:18:23 data_feed:110] fetch_candles: 75 total candles over 1 days for token 99926000
[D 260718 19:18:24 data_feed:57] Chunk 2026-07-17 – 2026-07-18: 75 candles
[I 260718 19:18:24 data_feed:110] fetch_candles: 75 total candles over 1 days for token 99926009
[D 260718 19:19:25 data_feed:57] Chunk 2026-07-17 – 2026-07-18: 75 candles
[I 260718 19:19:25 data_feed:110] fetch_candles: 75 total candles over 1 days for token 99926000
[D 260718 19:19:25 data_feed:57] Chunk 2026-07-17 – 2026-07-18: 75 candles
[I 260718 19:19:25 data_feed:110] fetch_candles: 75 total candles over 1 days for token 99926009
[D 260718 19:20:25 data_feed:57] Chunk 2026-07-17 – 2026-07-18: 75 candles
[I 260718 19:20:25 data_feed:110] fetch_candles: 75 total candles over 1 days for token 99926000
[D 260718 19:20:26 data_feed:57] Chunk 2026-07-17 – 2026-07-18: 75 candles
[I 260718 19:20:26 data_feed:110] fetch_candles: 75 total candles over 1 days for token 99926009
[D 260718 19:21:26 data_feed:57] Chunk 2026-07-17 – 2026-07-18: 75 candles
[I 260718 19:21:26 data_feed:110] fetch_candles: 75 total candles over 1 days for token 99926000
[D 260718 19:21:27 data_feed:57] Chunk 2026-07-17 – 2026-07-18: 75 candles
[I 260718 19:21:27 data_feed:110] fetch_candles: 75 total candles over 1 days for token 99926009
[D 260718 19:22:27 data_feed:57] Chunk 2026-07-17 – 2026-07-18: 75 candles
[I 260718 19:22:27 data_feed:110] fetch_candles: 75 total candles over 1 days for token 99926000
[D 260718 19:22:28 data_feed:57] Chunk 2026-07-17 – 2026-07-18: 75 candles
[I 260718 19:22:28 data_feed:110] fetch_candles: 75 total candles over 1 days for token 99926009
[D 260718 19:23:28 data_feed:57] Chunk 2026-07-17 – 2026-07-18: 75 candles
[I 260718 19:23:28 data_feed:110] fetch_candles: 75 total candles over 1 days for token 99926000
[D 260718 19:23:29 data_feed:57] Chunk 2026-07-17 – 2026-07-18: 75 candles
[I 260718 19:23:29 data_feed:110] fetch_candles: 75 total candles over 1 days for token 99926009
[I 260718 19:23:48 smartConnect:124] in pool
[I 260718 19:24:14 smartConnect:124] in pool
[D 260718 19:24:29 data_feed:57] Chunk 2026-07-17 – 2026-07-18: 75 candles
[I 260718 19:24:29 data_feed:110] fetch_candles: 75 total candles over 1 days for token 99926000
[D 260718 19:24:30 data_feed:57] Chunk 2026-07-17 – 2026-07-18: 75 candles
[I 260718 19:24:30 data_feed:110] fetch_candles: 75 total candles over 1 days for token 99926009
[I 260718 19:24:48 smartConnect:124] in pool
[D 260718 19:25:31 data_feed:57] Chunk 2026-07-17 – 2026-07-18: 75 candles
[I 260718 19:25:31 data_feed:110] fetch_candles: 75 total candles over 1 days for token 99926000
[D 260718 19:25:32 data_feed:57] Chunk 2026-07-17 – 2026-07-18: 75 candles
[I 260718 19:25:32 data_feed:110] fetch_candles: 75 total candles over 1 days for token 99926009
[D 260718 19:26:32 data_feed:57] Chunk 2026-07-17 – 2026-07-18: 75 candles
[I 260718 19:26:32 data_feed:110] fetch_candles: 75 total candles over 1 days for token 99926000
[D 260718 19:26:33 data_feed:57] Chunk 2026-07-17 – 2026-07-18: 75 candles
[I 260718 19:26:33 data_feed:110] fetch_candles: 75 total candles over 1 days for token 99926009
[I 260718 19:27:39 smartConnect:124] in pool
[I 260718 19:43:24 smartConnect:124] in pool
[I 260718 19:44:43 smartConnect:124] in pool
[D 260718 20:22:40 data_feed:57] Chunk 2026-07-17 – 2026-07-18: 75 candles
[I 260718 20:22:40 data_feed:110] fetch_candles: 75 total candles over 1 days for token 99926000
[D 260718 20:22:41 data_feed:57] Chunk 2026-07-17 – 2026-07-18: 75 candles
[I 260718 20:22:41 data_feed:110] fetch_candles: 75 total candles over 1 days for token 99926009
[D 260718 20:23:41 data_feed:57] Chunk 2026-07-17 – 2026-07-18: 75 candles
[I 260718 20:23:42 data_feed:110] fetch_candles: 75 total candles over 1 days for token 99926000
[D 260718 20:23:42 data_feed:57] Chunk 2026-07-17 – 2026-07-18: 75 candles
[I 260718 20:23:42 data_feed:110] fetch_candles: 75 total candles over 1 days for token 99926009
[D 260718 20:24:42 data_feed:57] Chunk 2026-07-17 – 2026-07-18: 75 candles
[I 260718 20:24:42 data_feed:110] fetch_candles: 75 total candles over 1 days for token 99926000
[D 260718 20:24:43 data_feed:57] Chunk 2026-07-17 – 2026-07-18: 75 candles
[I 260718 20:24:43 data_feed:110] fetch_candles: 75 total candles over 1 days for token 99926009
[D 260718 20:25:43 data_feed:57] Chunk 2026-07-17 – 2026-07-18: 75 candles
[I 260718 20:25:43 data_feed:110] fetch_candles: 75 total candles over 1 days for token 99926000
[D 260718 20:25:44 data_feed:57] Chunk 2026-07-17 – 2026-07-18: 75 candles
[I 260718 20:25:44 data_feed:110] fetch_candles: 75 total candles over 1 days for token 99926009
[I 260718 20:26:15 smartConnect:124] in pool
[D 260718 20:26:44 data_feed:57] Chunk 2026-07-17 – 2026-07-18: 75 candles
[I 260718 20:26:44 data_feed:110] fetch_candles: 75 total candles over 1 days for token 99926000
[D 260718 20:26:45 data_feed:57] Chunk 2026-07-17 – 2026-07-18: 75 candles
[I 260718 20:26:45 data_feed:110] fetch_candles: 75 total candles over 1 days for token 99926009
[D 260718 20:27:45 data_feed:57] Chunk 2026-07-17 – 2026-07-18: 75 candles
[I 260718 20:27:45 data_feed:110] fetch_candles: 75 total candles over 1 days for token 99926000
[D 260718 20:27:46 data_feed:57] Chunk 2026-07-17 – 2026-07-18: 75 candles
[I 260718 20:27:46 data_feed:110] fetch_candles: 75 total candles over 1 days for token 99926009
[D 260718 20:28:46 data_feed:57] Chunk 2026-07-17 – 2026-07-18: 75 candles
[I 260718 20:28:46 data_feed:110] fetch_candles: 75 total candles over 1 days for token 99926000
[D 260718 20:28:47 data_feed:57] Chunk 2026-07-17 – 2026-07-18: 75 candles
[I 260718 20:28:47 data_feed:110] fetch_candles: 75 total candles over 1 days for token 99926009
[D 260718 20:29:47 data_feed:57] Chunk 2026-07-17 – 2026-07-18: 75 candles
[I 260718 20:29:47 data_feed:110] fetch_candles: 75 total candles over 1 days for token 99926000
[D 260718 20:29:48 data_feed:57] Chunk 2026-07-17 – 2026-07-18: 75 candles
[I 260718 20:29:48 data_feed:110] fetch_candles: 75 total candles over 1 days for token 99926009
[D 260718 20:30:48 data_feed:57] Chunk 2026-07-17 – 2026-07-18: 75 candles
[I 260718 20:30:48 data_feed:110] fetch_candles: 75 total candles over 1 days for token 99926000
[D 260718 20:30:49 data_feed:57] Chunk 2026-07-17 – 2026-07-18: 75 candles
[I 260718 20:30:49 data_feed:110] fetch_candles: 75 total candles over 1 days for token 99926009
[I 260718 20:32:05 smartConnect:124] in pool
[D 260718 20:38:44 data_feed:57] Chunk 2026-07-17 – 2026-07-18: 75 candles
[I 260718 20:38:44 data_feed:110] fetch_candles: 75 total candles over 1 days for token 99926000
[D 260718 20:38:45 data_feed:57] Chunk 2026-07-17 – 2026-07-18: 75 candles
[I 260718 20:38:45 data_feed:110] fetch_candles: 75 total candles over 1 days for token 99926009
[D 260718 20:38:56 data_feed:57] Chunk 2026-07-17 – 2026-07-18: 75 candles
[I 260718 20:38:56 data_feed:110] fetch_candles: 75 total candles over 1 days for token 99926000
[D 260718 20:38:57 data_feed:57] Chunk 2026-07-17 – 2026-07-18: 75 candles
[I 260718 20:38:57 data_feed:110] fetch_candles: 75 total candles over 1 days for token 99926009
[D 260718 20:39:45 data_feed:57] Chunk 2026-07-17 – 2026-07-18: 75 candles
[I 260718 20:39:45 data_feed:110] fetch_candles: 75 total candles over 1 days for token 99926000
[D 260718 20:39:46 data_feed:57] Chunk 2026-07-17 – 2026-07-18: 75 candles
[I 260718 20:39:46 data_feed:110] fetch_candles: 75 total candles over 1 days for token 99926009
[D 260718 20:39:56 data_feed:57] Chunk 2026-07-17 – 2026-07-18: 75 candles
[I 260718 20:39:56 data_feed:110] fetch_candles: 75 total candles over 1 days for token 99926000
[D 260718 20:39:57 data_feed:57] Chunk 2026-07-17 – 2026-07-18: 75 candles
[I 260718 20:39:57 data_feed:110] fetch_candles: 75 total candles over 1 days for token 99926009
[D 260718 20:40:46 data_feed:57] Chunk 2026-07-17 – 2026-07-18: 75 candles
[I 260718 20:40:46 data_feed:110] fetch_candles: 75 total candles over 1 days for token 99926000
[D 260718 20:40:47 data_feed:57] Chunk 2026-07-17 – 2026-07-18: 75 candles
[I 260718 20:40:47 data_feed:110] fetch_candles: 75 total candles over 1 days for token 99926009
[D 260718 20:40:57 data_feed:57] Chunk 2026-07-17 – 2026-07-18: 75 candles
[I 260718 20:40:57 data_feed:110] fetch_candles: 75 total candles over 1 days for token 99926000
[D 260718 20:40:58 data_feed:57] Chunk 2026-07-17 – 2026-07-18: 75 candles
[I 260718 20:40:58 data_feed:110] fetch_candles: 75 total candles over 1 days for token 99926009
[D 260718 20:41:48 data_feed:57] Chunk 2026-07-17 – 2026-07-18: 75 candles
[I 260718 20:41:48 data_feed:110] fetch_candles: 75 total candles over 1 days for token 99926000
[D 260718 20:41:49 data_feed:57] Chunk 2026-07-17 – 2026-07-18: 75 candles
[I 260718 20:41:49 data_feed:110] fetch_candles: 75 total candles over 1 days for token 99926009
[D 260718 20:41:59 data_feed:57] Chunk 2026-07-17 – 2026-07-18: 75 candles
[I 260718 20:41:59 data_feed:110] fetch_candles: 75 total candles over 1 days for token 99926000
[D 260718 20:42:00 data_feed:57] Chunk 2026-07-17 – 2026-07-18: 75 candles
[I 260718 20:42:00 data_feed:110] fetch_candles: 75 total candles over 1 days for token 99926009
[I 260718 20:42:11 smartConnect:124] in pool
[D 260718 20:42:48 data_feed:57] Chunk 2026-07-17 – 2026-07-18: 75 candles
[I 260718 20:42:48 data_feed:110] fetch_candles: 75 total candles over 1 days for token 99926000
[D 260718 20:42:49 data_feed:57] Chunk 2026-07-17 – 2026-07-18: 75 candles
[I 260718 20:42:49 data_feed:110] fetch_candles: 75 total candles over 1 days for token 99926009
[D 260718 20:42:59 data_feed:57] Chunk 2026-07-17 – 2026-07-18: 75 candles
[I 260718 20:42:59 data_feed:110] fetch_candles: 75 total candles over 1 days for token 99926000
[D 260718 20:43:00 data_feed:57] Chunk 2026-07-17 – 2026-07-18: 75 candles
[I 260718 20:43:00 data_feed:110] fetch_candles: 75 total candles over 1 days for token 99926009
[D 260718 20:43:49 data_feed:57] Chunk 2026-07-17 – 2026-07-18: 75 candles
[I 260718 20:43:49 data_feed:110] fetch_candles: 75 total candles over 1 days for token 99926000
[D 260718 20:43:50 data_feed:57] Chunk 2026-07-17 – 2026-07-18: 75 candles
[I 260718 20:43:50 data_feed:110] fetch_candles: 75 total candles over 1 days for token 99926009
[D 260718 20:44:00 data_feed:57] Chunk 2026-07-17 – 2026-07-18: 75 candles
[I 260718 20:44:00 data_feed:110] fetch_candles: 75 total candles over 1 days for token 99926000
[D 260718 20:44:01 data_feed:57] Chunk 2026-07-17 – 2026-07-18: 75 candles
[I 260718 20:44:01 data_feed:110] fetch_candles: 75 total candles over 1 days for token 99926009
[D 260718 20:44:50 data_feed:57] Chunk 2026-07-17 – 2026-07-18: 75 candles
[I 260718 20:44:50 data_feed:110] fetch_candles: 75 total candles over 1 days for token 99926000
[D 260718 20:44:51 data_feed:57] Chunk 2026-07-17 – 2026-07-18: 75 candles
[I 260718 20:44:51 data_feed:110] fetch_candles: 75 total candles over 1 days for token 99926009
[D 260718 20:44:58 data_feed:57] Chunk 2026-07-17 – 2026-07-18: 75 candles
[I 260718 20:44:58 data_feed:110] fetch_candles: 75 total candles over 1 days for token 99926000
[D 260718 20:44:59 data_feed:57] Chunk 2026-07-17 – 2026-07-18: 75 candles
[I 260718 20:44:59 data_feed:110] fetch_candles: 75 total candles over 1 days for token 99926009
[D 260718 20:46:01 data_feed:57] Chunk 2026-07-17 – 2026-07-18: 75 candles
[I 260718 20:46:01 data_feed:110] fetch_candles: 75 total candles over 1 days for token 99926000
[D 260718 20:46:02 data_feed:57] Chunk 2026-07-17 – 2026-07-18: 75 candles
[I 260718 20:46:02 data_feed:110] fetch_candles: 75 total candles over 1 days for token 99926009
[D 260718 20:47:01 data_feed:57] Chunk 2026-07-17 – 2026-07-18: 75 candles
[I 260718 20:47:01 data_feed:110] fetch_candles: 75 total candles over 1 days for token 99926000
[D 260718 20:47:02 data_feed:57] Chunk 2026-07-17 – 2026-07-18: 75 candles
[I 260718 20:47:02 data_feed:110] fetch_candles: 75 total candles over 1 days for token 99926009
[I 260718 20:47:24 smartConnect:124] in pool
[I 260718 21:02:49 smartConnect:124] in pool
[D 260718 21:09:50 data_feed:57] Chunk 2026-07-17 – 2026-07-18: 75 candles
[I 260718 21:09:50 data_feed:110] fetch_candles: 75 total candles over 1 days for token 99926000
[D 260718 21:09:51 data_feed:57] Chunk 2026-07-17 – 2026-07-18: 75 candles
[I 260718 21:09:51 data_feed:110] fetch_candles: 75 total candles over 1 days for token 99926009
[D 260718 21:10:51 data_feed:57] Chunk 2026-07-17 – 2026-07-18: 75 candles
[I 260718 21:10:51 data_feed:110] fetch_candles: 75 total candles over 1 days for token 99926000
[D 260718 21:10:52 data_feed:57] Chunk 2026-07-17 – 2026-07-18: 75 candles
[I 260718 21:10:52 data_feed:110] fetch_candles: 75 total candles over 1 days for token 99926009
[I 260718 21:11:08 smartConnect:124] in pool
[D 260718 21:11:52 data_feed:57] Chunk 2026-07-17 – 2026-07-18: 75 candles
[I 260718 21:11:52 data_feed:110] fetch_candles: 75 total candles over 1 days for token 99926000
[D 260718 21:11:53 data_feed:57] Chunk 2026-07-17 – 2026-07-18: 75 candles
[I 260718 21:11:53 data_feed:110] fetch_candles: 75 total candles over 1 days for token 99926009
[I 260718 21:12:13 smartConnect:124] in pool
[D 260718 21:14:24 data_feed:57] Chunk 2026-07-17 – 2026-07-18: 75 candles
[I 260718 21:14:24 data_feed:110] fetch_candles: 75 total candles over 1 days for token 99926000
[D 260718 21:14:25 data_feed:57] Chunk 2026-07-17 – 2026-07-18: 75 candles
[I 260718 21:14:25 data_feed:110] fetch_candles: 75 total candles over 1 days for token 99926009
[I 260718 21:14:34 smartConnect:124] in pool
[I 260718 21:24:09 smartConnect:124] in pool
[D 260718 21:28:47 data_feed:57] Chunk 2026-07-17 – 2026-07-18: 75 candles
[I 260718 21:28:47 data_feed:110] fetch_candles: 75 total candles over 1 days for token 99926000
[D 260718 21:28:48 data_feed:57] Chunk 2026-07-17 – 2026-07-18: 75 candles
[I 260718 21:28:48 data_feed:110] fetch_candles: 75 total candles over 1 days for token 99926009
[D 260718 21:29:48 data_feed:57] Chunk 2026-07-17 – 2026-07-18: 75 candles
[I 260718 21:29:48 data_feed:110] fetch_candles: 75 total candles over 1 days for token 99926000
[D 260718 21:29:49 data_feed:57] Chunk 2026-07-17 – 2026-07-18: 75 candles
[I 260718 21:29:49 data_feed:110] fetch_candles: 75 total candles over 1 days for token 99926009
[D 260718 21:30:49 data_feed:57] Chunk 2026-07-17 – 2026-07-18: 75 candles
[I 260718 21:30:49 data_feed:110] fetch_candles: 75 total candles over 1 days for token 99926000
[D 260718 21:30:50 data_feed:57] Chunk 2026-07-17 – 2026-07-18: 75 candles
[I 260718 21:30:50 data_feed:110] fetch_candles: 75 total candles over 1 days for token 99926009
[D 260718 21:31:50 data_feed:57] Chunk 2026-07-17 – 2026-07-18: 75 candles
[I 260718 21:31:50 data_feed:110] fetch_candles: 75 total candles over 1 days for token 99926000
[D 260718 21:31:51 data_feed:57] Chunk 2026-07-17 – 2026-07-18: 75 candles
[I 260718 21:31:51 data_feed:110] fetch_candles: 75 total candles over 1 days for token 99926009
[I 260718 21:32:37 smartConnect:124] in pool
[D 260718 21:37:42 data_feed:57] Chunk 2026-07-17 – 2026-07-18: 75 candles
[I 260718 21:37:42 data_feed:110] fetch_candles: 75 total candles over 1 days for token 99926000
[D 260718 21:37:43 data_feed:57] Chunk 2026-07-17 – 2026-07-18: 75 candles
[I 260718 21:37:43 data_feed:110] fetch_candles: 75 total candles over 1 days for token 99926009
[D 260718 21:38:42 data_feed:57] Chunk 2026-07-17 – 2026-07-18: 75 candles
[I 260718 21:38:42 data_feed:110] fetch_candles: 75 total candles over 1 days for token 99926000
[D 260718 21:38:43 data_feed:57] Chunk 2026-07-17 – 2026-07-18: 75 candles
[I 260718 21:38:43 data_feed:110] fetch_candles: 75 total candles over 1 days for token 99926009
[D 260718 21:39:42 data_feed:57] Chunk 2026-07-17 – 2026-07-18: 75 candles
[I 260718 21:39:42 data_feed:110] fetch_candles: 75 total candles over 1 days for token 99926000
[D 260718 21:39:43 data_feed:57] Chunk 2026-07-17 – 2026-07-18: 75 candles
[I 260718 21:39:43 data_feed:110] fetch_candles: 75 total candles over 1 days for token 99926009
[D 260718 21:40:43 data_feed:57] Chunk 2026-07-17 – 2026-07-18: 75 candles
[I 260718 21:40:43 data_feed:110] fetch_candles: 75 total candles over 1 days for token 99926000
[D 260718 21:40:44 data_feed:57] Chunk 2026-07-17 – 2026-07-18: 75 candles
[I 260718 21:40:44 data_feed:110] fetch_candles: 75 total candles over 1 days for token 99926009
[D 260718 21:41:44 data_feed:57] Chunk 2026-07-17 – 2026-07-18: 75 candles
[I 260718 21:41:44 data_feed:110] fetch_candles: 75 total candles over 1 days for token 99926000
[D 260718 21:41:45 data_feed:57] Chunk 2026-07-17 – 2026-07-18: 75 candles
[I 260718 21:41:45 data_feed:110] fetch_candles: 75 total candles over 1 days for token 99926009
[D 260718 21:42:45 data_feed:57] Chunk 2026-07-17 – 2026-07-18: 75 candles
[I 260718 21:42:45 data_feed:110] fetch_candles: 75 total candles over 1 days for token 99926000
[D 260718 21:42:46 data_feed:57] Chunk 2026-07-17 – 2026-07-18: 75 candles
[I 260718 21:42:46 data_feed:110] fetch_candles: 75 total candles over 1 days for token 99926009
[D 260718 21:43:47 data_feed:57] Chunk 2026-07-17 – 2026-07-18: 75 candles
[I 260718 21:43:47 data_feed:110] fetch_candles: 75 total candles over 1 days for token 99926000
[D 260718 21:43:47 data_feed:57] Chunk 2026-07-17 – 2026-07-18: 75 candles
[I 260718 21:43:47 data_feed:110] fetch_candles: 75 total candles over 1 days for token 99926009
[I 260718 21:44:13 smartConnect:124] in pool
[D 260718 21:50:40 data_feed:57] Chunk 2026-07-17 – 2026-07-18: 75 candles
[I 260718 21:50:40 data_feed:110] fetch_candles: 75 total candles over 1 days for token 99926000
[D 260718 21:50:41 data_feed:57] Chunk 2026-07-17 – 2026-07-18: 75 candles
[I 260718 21:50:41 data_feed:110] fetch_candles: 75 total candles over 1 days for token 99926009
[D 260718 21:51:40 data_feed:57] Chunk 2026-07-17 – 2026-07-18: 75 candles
[I 260718 21:51:40 data_feed:110] fetch_candles: 75 total candles over 1 days for token 99926000
[D 260718 21:51:41 data_feed:57] Chunk 2026-07-17 – 2026-07-18: 75 candles
[I 260718 21:51:41 data_feed:110] fetch_candles: 75 total candles over 1 days for token 99926009
[I 260718 21:52:54 smartConnect:124] in pool
[I 260718 22:03:30 smartConnect:124] in pool
[I 260719 09:13:03 smartConnect:124] in pool
[D 260719 09:16:08 data_feed:57] Chunk 2026-07-18 – 2026-07-19: 1 candles
[I 260719 09:16:08 data_feed:110] fetch_candles: 1 total candles over 1 days for token 99926000
[D 260719 09:16:09 data_feed:57] Chunk 2026-07-18 – 2026-07-19: 1 candles
[I 260719 09:16:09 data_feed:110] fetch_candles: 1 total candles over 1 days for token 99926009
[I 260719 09:16:58 smartConnect:124] in pool
[D 260719 09:22:14 data_feed:70] Chunk 2026-07-18 – 2026-07-19: 1 candles
[I 260719 09:22:14 data_feed:123] fetch_candles: 1 total candles over 1 days for token 99926000
[D 260719 09:22:15 data_feed:70] Chunk 2026-07-18 – 2026-07-19: 1 candles
[I 260719 09:22:15 data_feed:123] fetch_candles: 1 total candles over 1 days for token 99926009
[D 260719 09:23:14 data_feed:70] Chunk 2026-07-18 – 2026-07-19: 1 candles
[I 260719 09:23:14 data_feed:123] fetch_candles: 1 total candles over 1 days for token 99926000
[D 260719 09:23:15 data_feed:70] Chunk 2026-07-18 – 2026-07-19: 1 candles
[I 260719 09:23:15 data_feed:123] fetch_candles: 1 total candles over 1 days for token 99926009
[D 260719 09:24:14 data_feed:70] Chunk 2026-07-18 – 2026-07-19: 1 candles
[I 260719 09:24:14 data_feed:123] fetch_candles: 1 total candles over 1 days for token 99926000
[D 260719 09:24:15 data_feed:70] Chunk 2026-07-18 – 2026-07-19: 1 candles
[I 260719 09:24:15 data_feed:123] fetch_candles: 1 total candles over 1 days for token 99926009
[D 260719 09:25:15 data_feed:70] Chunk 2026-07-18 – 2026-07-19: 1 candles
[I 260719 09:25:15 data_feed:123] fetch_candles: 1 total candles over 1 days for token 99926000
[D 260719 09:25:16 data_feed:70] Chunk 2026-07-18 – 2026-07-19: 1 candles
[I 260719 09:25:16 data_feed:123] fetch_candles: 1 total candles over 1 days for token 99926009
[I 260719 09:25:36 smartConnect:124] in pool
[D 260719 09:26:16 data_feed:70] Chunk 2026-07-18 – 2026-07-19: 1 candles
[I 260719 09:26:16 data_feed:123] fetch_candles: 1 total candles over 1 days for token 99926000
[D 260719 09:26:17 data_feed:70] Chunk 2026-07-18 – 2026-07-19: 1 candles
[I 260719 09:26:17 data_feed:123] fetch_candles: 1 total candles over 1 days for token 99926009
[D 260719 09:27:17 data_feed:70] Chunk 2026-07-18 – 2026-07-19: 1 candles
[I 260719 09:27:17 data_feed:123] fetch_candles: 1 total candles over 1 days for token 99926000
[D 260719 09:27:18 data_feed:70] Chunk 2026-07-18 – 2026-07-19: 1 candles
[I 260719 09:27:18 data_feed:123] fetch_candles: 1 total candles over 1 days for token 99926009
[D 260719 09:28:18 data_feed:70] Chunk 2026-07-18 – 2026-07-19: 1 candles
[I 260719 09:28:18 data_feed:123] fetch_candles: 1 total candles over 1 days for token 99926000
[D 260719 09:28:19 data_feed:70] Chunk 2026-07-18 – 2026-07-19: 1 candles
[I 260719 09:28:19 data_feed:123] fetch_candles: 1 total candles over 1 days for token 99926009
[D 260719 09:29:19 data_feed:70] Chunk 2026-07-18 – 2026-07-19: 1 candles
[I 260719 09:29:19 data_feed:123] fetch_candles: 1 total candles over 1 days for token 99926000
[D 260719 09:29:20 data_feed:70] Chunk 2026-07-18 – 2026-07-19: 1 candles
[I 260719 09:29:20 data_feed:123] fetch_candles: 1 total candles over 1 days for token 99926009
[D 260719 09:30:20 data_feed:70] Chunk 2026-07-18 – 2026-07-19: 1 candles
[I 260719 09:30:20 data_feed:123] fetch_candles: 1 total candles over 1 days for token 99926000
[D 260719 09:30:21 data_feed:70] Chunk 2026-07-18 – 2026-07-19: 1 candles
[I 260719 09:30:21 data_feed:123] fetch_candles: 1 total candles over 1 days for token 99926009
[D 260719 09:31:21 data_feed:70] Chunk 2026-07-18 – 2026-07-19: 1 candles
[I 260719 09:31:21 data_feed:123] fetch_candles: 1 total candles over 1 days for token 99926000
[D 260719 09:31:22 data_feed:70] Chunk 2026-07-18 – 2026-07-19: 1 candles
[I 260719 09:31:22 data_feed:123] fetch_candles: 1 total candles over 1 days for token 99926009
[D 260719 09:32:22 data_feed:70] Chunk 2026-07-18 – 2026-07-19: 1 candles
[I 260719 09:32:22 data_feed:123] fetch_candles: 1 total candles over 1 days for token 99926000
[D 260719 09:32:23 data_feed:70] Chunk 2026-07-18 – 2026-07-19: 1 candles
[I 260719 09:32:23 data_feed:123] fetch_candles: 1 total candles over 1 days for token 99926009
[I 260719 09:33:00 smartConnect:124] in pool
[D 260719 09:38:13 data_feed:76] Chunk 2026-07-18 – 2026-07-19: 1 candles
[I 260719 09:38:13 data_feed:129] fetch_candles: 1 total candles over 1 days for token 99926000
[D 260719 09:38:14 data_feed:76] Chunk 2026-07-18 – 2026-07-19: 1 candles
[I 260719 09:38:14 data_feed:129] fetch_candles: 1 total candles over 1 days for token 99926009
[I 260719 09:38:54 smartConnect:124] in pool
[I 260719 09:59:58 smartConnect:124] in pool
[I 260719 10:00:30 smartConnect:124] in pool
[I 260719 10:11:53 smartConnect:124] in pool
[D 260719 10:14:29 data_feed:76] Chunk 2026-07-18 – 2026-07-19: 1 candles
[I 260719 10:14:29 data_feed:129] fetch_candles: 1 total candles over 1 days for token 99926000
[D 260719 10:14:31 data_feed:76] Chunk 2026-07-18 – 2026-07-19: 1 candles
[I 260719 10:14:31 data_feed:129] fetch_candles: 1 total candles over 1 days for token 99926009
[D 260719 10:15:30 data_feed:76] Chunk 2026-07-18 – 2026-07-19: 1 candles
[I 260719 10:15:30 data_feed:129] fetch_candles: 1 total candles over 1 days for token 99926000
[D 260719 10:15:31 data_feed:76] Chunk 2026-07-18 – 2026-07-19: 1 candles
[I 260719 10:15:31 data_feed:129] fetch_candles: 1 total candles over 1 days for token 99926009
[D 260719 10:16:31 data_feed:76] Chunk 2026-07-18 – 2026-07-19: 1 candles
[I 260719 10:16:31 data_feed:129] fetch_candles: 1 total candles over 1 days for token 99926000
[D 260719 10:16:33 data_feed:76] Chunk 2026-07-18 – 2026-07-19: 1 candles
[I 260719 10:16:33 data_feed:129] fetch_candles: 1 total candles over 1 days for token 99926009
[D 260719 10:17:32 data_feed:76] Chunk 2026-07-18 – 2026-07-19: 1 candles
[I 260719 10:17:32 data_feed:129] fetch_candles: 1 total candles over 1 days for token 99926000
[D 260719 10:17:34 data_feed:76] Chunk 2026-07-18 – 2026-07-19: 1 candles
[I 260719 10:17:34 data_feed:129] fetch_candles: 1 total candles over 1 days for token 99926009
[D 260719 10:18:33 data_feed:76] Chunk 2026-07-18 – 2026-07-19: 1 candles
[I 260719 10:18:33 data_feed:129] fetch_candles: 1 total candles over 1 days for token 99926000
[D 260719 10:18:35 data_feed:76] Chunk 2026-07-18 – 2026-07-19: 1 candles
[I 260719 10:18:35 data_feed:129] fetch_candles: 1 total candles over 1 days for token 99926009
[D 260719 10:19:34 data_feed:76] Chunk 2026-07-18 – 2026-07-19: 1 candles
[I 260719 10:19:34 data_feed:129] fetch_candles: 1 total candles over 1 days for token 99926000
[D 260719 10:19:36 data_feed:76] Chunk 2026-07-18 – 2026-07-19: 1 candles
[I 260719 10:19:36 data_feed:129] fetch_candles: 1 total candles over 1 days for token 99926009
[D 260719 10:20:35 data_feed:76] Chunk 2026-07-18 – 2026-07-19: 1 candles
[I 260719 10:20:35 data_feed:129] fetch_candles: 1 total candles over 1 days for token 99926000
[D 260719 10:20:36 data_feed:76] Chunk 2026-07-18 – 2026-07-19: 1 candles
[I 260719 10:20:36 data_feed:129] fetch_candles: 1 total candles over 1 days for token 99926009
[I 260719 10:21:12 smartConnect:124] in pool
[I 260719 10:22:32 smartConnect:124] in pool
[I 260719 10:26:20 smartConnect:124] in pool
[I 260719 10:36:58 smartConnect:124] in pool
[I 260719 10:40:24 smartConnect:124] in pool
[D 260719 10:41:34 data_feed:76] Chunk 2026-07-18 – 2026-07-19: 1 candles
[I 260719 10:41:34 data_feed:129] fetch_candles: 1 total candles over 1 days for token 99926000
[D 260719 10:41:34 data_feed:76] Chunk 2026-07-18 – 2026-07-19: 1 candles
[I 260719 10:41:34 data_feed:129] fetch_candles: 1 total candles over 1 days for token 99926009
[D 260719 10:42:35 data_feed:76] Chunk 2026-07-18 – 2026-07-19: 1 candles
[I 260719 10:42:35 data_feed:129] fetch_candles: 1 total candles over 1 days for token 99926000
[D 260719 10:42:35 data_feed:76] Chunk 2026-07-18 – 2026-07-19: 1 candles
[I 260719 10:42:35 data_feed:129] fetch_candles: 1 total candles over 1 days for token 99926009
[D 260719 10:43:36 data_feed:76] Chunk 2026-07-18 – 2026-07-19: 1 candles
[I 260719 10:43:36 data_feed:129] fetch_candles: 1 total candles over 1 days for token 99926000
[D 260719 10:43:36 data_feed:76] Chunk 2026-07-18 – 2026-07-19: 1 candles
[I 260719 10:43:36 data_feed:129] fetch_candles: 1 total candles over 1 days for token 99926009
[I 260719 10:44:12 smartConnect:124] in pool
[D 260719 10:44:37 data_feed:76] Chunk 2026-07-18 – 2026-07-19: 1 candles
[I 260719 10:44:37 data_feed:129] fetch_candles: 1 total candles over 1 days for token 99926000
[D 260719 10:44:37 data_feed:76] Chunk 2026-07-18 – 2026-07-19: 1 candles
[I 260719 10:44:37 data_feed:129] fetch_candles: 1 total candles over 1 days for token 99926009
[D 260719 10:45:38 data_feed:76] Chunk 2026-07-18 – 2026-07-19: 1 candles
[I 260719 10:45:38 data_feed:129] fetch_candles: 1 total candles over 1 days for token 99926000
[D 260719 10:45:38 data_feed:76] Chunk 2026-07-18 – 2026-07-19: 1 candles
[I 260719 10:45:38 data_feed:129] fetch_candles: 1 total candles over 1 days for token 99926009
[D 260719 10:46:39 data_feed:76] Chunk 2026-07-18 – 2026-07-19: 1 candles
[I 260719 10:46:39 data_feed:129] fetch_candles: 1 total candles over 1 days for token 99926000
[D 260719 10:46:40 data_feed:76] Chunk 2026-07-18 – 2026-07-19: 1 candles
[I 260719 10:46:40 data_feed:129] fetch_candles: 1 total candles over 1 days for token 99926009
[D 260719 10:47:40 data_feed:76] Chunk 2026-07-18 – 2026-07-19: 1 candles
[I 260719 10:47:40 data_feed:129] fetch_candles: 1 total candles over 1 days for token 99926000
[D 260719 10:47:40 data_feed:76] Chunk 2026-07-18 – 2026-07-19: 1 candles
[I 260719 10:47:40 data_feed:129] fetch_candles: 1 total candles over 1 days for token 99926009
[D 260719 10:48:41 data_feed:76] Chunk 2026-07-18 – 2026-07-19: 1 candles
[I 260719 10:48:41 data_feed:129] fetch_candles: 1 total candles over 1 days for token 99926000
[D 260719 10:48:41 data_feed:76] Chunk 2026-07-18 – 2026-07-19: 1 candles
[I 260719 10:48:41 data_feed:129] fetch_candles: 1 total candles over 1 days for token 99926009
[I 260719 10:49:13 smartConnect:124] in pool
[I 260719 11:00:23 smartConnect:124] in pool
[I 260719 11:03:49 smartConnect:124] in pool
[D 260719 11:04:18 data_feed:76] Chunk 2026-07-18 – 2026-07-19: 1 candles
[I 260719 11:04:18 data_feed:129] fetch_candles: 1 total candles over 1 days for token 99926000
[D 260719 11:04:18 data_feed:76] Chunk 2026-07-18 – 2026-07-19: 1 candles
[I 260719 11:04:18 data_feed:129] fetch_candles: 1 total candles over 1 days for token 99926009
[D 260719 11:04:26 data_feed:76] Chunk 2026-07-18 – 2026-07-19: 1 candles
[I 260719 11:04:26 data_feed:129] fetch_candles: 1 total candles over 1 days for token 99926000
[D 260719 11:04:26 data_feed:76] Chunk 2026-07-18 – 2026-07-19: 1 candles
[I 260719 11:04:26 data_feed:129] fetch_candles: 1 total candles over 1 days for token 99926009
[D 260719 11:05:19 data_feed:76] Chunk 2026-07-18 – 2026-07-19: 1 candles
[I 260719 11:05:19 data_feed:129] fetch_candles: 1 total candles over 1 days for token 99926000
[D 260719 11:05:20 data_feed:76] Chunk 2026-07-18 – 2026-07-19: 1 candles
[I 260719 11:05:20 data_feed:129] fetch_candles: 1 total candles over 1 days for token 99926009
[D 260719 11:05:27 data_feed:76] Chunk 2026-07-18 – 2026-07-19: 1 candles
[I 260719 11:05:27 data_feed:129] fetch_candles: 1 total candles over 1 days for token 99926000
[D 260719 11:05:27 data_feed:76] Chunk 2026-07-18 – 2026-07-19: 1 candles
[I 260719 11:05:27 data_feed:129] fetch_candles: 1 total candles over 1 days for token 99926009
[I 260719 11:05:56 smartConnect:124] in pool
[D 260719 11:06:20 data_feed:76] Chunk 2026-07-18 – 2026-07-19: 1 candles
[I 260719 11:06:20 data_feed:129] fetch_candles: 1 total candles over 1 days for token 99926000
[D 260719 11:06:20 data_feed:76] Chunk 2026-07-18 – 2026-07-19: 1 candles
[I 260719 11:06:20 data_feed:129] fetch_candles: 1 total candles over 1 days for token 99926009
[D 260719 11:06:28 data_feed:76] Chunk 2026-07-18 – 2026-07-19: 1 candles
[I 260719 11:06:28 data_feed:129] fetch_candles: 1 total candles over 1 days for token 99926000
[D 260719 11:06:28 data_feed:76] Chunk 2026-07-18 – 2026-07-19: 1 candles
[I 260719 11:06:28 data_feed:129] fetch_candles: 1 total candles over 1 days for token 99926009
[D 260719 11:07:21 data_feed:76] Chunk 2026-07-18 – 2026-07-19: 1 candles
[I 260719 11:07:21 data_feed:129] fetch_candles: 1 total candles over 1 days for token 99926000
[D 260719 11:07:21 data_feed:76] Chunk 2026-07-18 – 2026-07-19: 1 candles
[I 260719 11:07:21 data_feed:129] fetch_candles: 1 total candles over 1 days for token 99926009
[D 260719 11:07:29 data_feed:76] Chunk 2026-07-18 – 2026-07-19: 1 candles
[I 260719 11:07:29 data_feed:129] fetch_candles: 1 total candles over 1 days for token 99926000
[D 260719 11:07:29 data_feed:76] Chunk 2026-07-18 – 2026-07-19: 1 candles
[I 260719 11:07:29 data_feed:129] fetch_candles: 1 total candles over 1 days for token 99926009
[I 260719 11:07:42 smartConnect:124] in pool
[D 260719 11:08:22 data_feed:76] Chunk 2026-07-18 – 2026-07-19: 1 candles
[I 260719 11:08:22 data_feed:129] fetch_candles: 1 total candles over 1 days for token 99926000
[D 260719 11:08:22 data_feed:76] Chunk 2026-07-18 – 2026-07-19: 1 candles
[I 260719 11:08:22 data_feed:129] fetch_candles: 1 total candles over 1 days for token 99926009
[D 260719 11:08:30 data_feed:76] Chunk 2026-07-18 – 2026-07-19: 1 candles
[I 260719 11:08:30 data_feed:129] fetch_candles: 1 total candles over 1 days for token 99926000
[D 260719 11:08:30 data_feed:76] Chunk 2026-07-18 – 2026-07-19: 1 candles
[I 260719 11:08:30 data_feed:129] fetch_candles: 1 total candles over 1 days for token 99926009
[D 260719 11:09:23 data_feed:76] Chunk 2026-07-18 – 2026-07-19: 1 candles
[I 260719 11:09:23 data_feed:129] fetch_candles: 1 total candles over 1 days for token 99926000
[D 260719 11:09:23 data_feed:76] Chunk 2026-07-18 – 2026-07-19: 1 candles
[I 260719 11:09:23 data_feed:129] fetch_candles: 1 total candles over 1 days for token 99926009
[D 260719 11:09:31 data_feed:76] Chunk 2026-07-18 – 2026-07-19: 1 candles
[I 260719 11:09:31 data_feed:129] fetch_candles: 1 total candles over 1 days for token 99926000
[D 260719 11:09:31 data_feed:76] Chunk 2026-07-18 – 2026-07-19: 1 candles
[I 260719 11:09:31 data_feed:129] fetch_candles: 1 total candles over 1 days for token 99926009
[D 260719 11:10:24 data_feed:76] Chunk 2026-07-18 – 2026-07-19: 1 candles
[I 260719 11:10:24 data_feed:129] fetch_candles: 1 total candles over 1 days for token 99926000
[D 260719 11:10:24 data_feed:76] Chunk 2026-07-18 – 2026-07-19: 1 candles
[I 260719 11:10:24 data_feed:129] fetch_candles: 1 total candles over 1 days for token 99926009
[D 260719 11:10:32 data_feed:76] Chunk 2026-07-18 – 2026-07-19: 1 candles
[I 260719 11:10:32 data_feed:129] fetch_candles: 1 total candles over 1 days for token 99926000
[D 260719 11:10:32 data_feed:76] Chunk 2026-07-18 – 2026-07-19: 1 candles
[I 260719 11:10:32 data_feed:129] fetch_candles: 1 total candles over 1 days for token 99926009
[D 260719 11:11:25 data_feed:76] Chunk 2026-07-18 – 2026-07-19: 1 candles
[I 260719 11:11:25 data_feed:129] fetch_candles: 1 total candles over 1 days for token 99926000
[D 260719 11:11:25 data_feed:76] Chunk 2026-07-18 – 2026-07-19: 1 candles
[I 260719 11:11:25 data_feed:129] fetch_candles: 1 total candles over 1 days for token 99926009
[D 260719 11:11:33 data_feed:76] Chunk 2026-07-18 – 2026-07-19: 1 candles
[I 260719 11:11:33 data_feed:129] fetch_candles: 1 total candles over 1 days for token 99926000
[D 260719 11:11:33 data_feed:76] Chunk 2026-07-18 – 2026-07-19: 1 candles
[I 260719 11:11:33 data_feed:129] fetch_candles: 1 total candles over 1 days for token 99926009
[D 260719 11:12:26 data_feed:76] Chunk 2026-07-18 – 2026-07-19: 1 candles
[I 260719 11:12:26 data_feed:129] fetch_candles: 1 total candles over 1 days for token 99926000
[D 260719 11:12:26 data_feed:76] Chunk 2026-07-18 – 2026-07-19: 1 candles
[I 260719 11:12:26 data_feed:129] fetch_candles: 1 total candles over 1 days for token 99926009
[D 260719 11:12:34 data_feed:76] Chunk 2026-07-18 – 2026-07-19: 1 candles
[I 260719 11:12:34 data_feed:129] fetch_candles: 1 total candles over 1 days for token 99926000
[D 260719 11:12:34 data_feed:76] Chunk 2026-07-18 – 2026-07-19: 1 candles
[I 260719 11:12:34 data_feed:129] fetch_candles: 1 total candles over 1 days for token 99926009
[D 260719 11:13:27 data_feed:76] Chunk 2026-07-18 – 2026-07-19: 1 candles
[I 260719 11:13:27 data_feed:129] fetch_candles: 1 total candles over 1 days for token 99926000
[D 260719 11:13:27 data_feed:76] Chunk 2026-07-18 – 2026-07-19: 1 candles
[I 260719 11:13:27 data_feed:129] fetch_candles: 1 total candles over 1 days for token 99926009
[D 260719 11:13:35 data_feed:76] Chunk 2026-07-18 – 2026-07-19: 1 candles
[I 260719 11:13:35 data_feed:129] fetch_candles: 1 total candles over 1 days for token 99926000
[D 260719 11:13:35 data_feed:76] Chunk 2026-07-18 – 2026-07-19: 1 candles
[I 260719 11:13:35 data_feed:129] fetch_candles: 1 total candles over 1 days for token 99926009
[D 260719 11:14:28 data_feed:76] Chunk 2026-07-18 – 2026-07-19: 1 candles
[I 260719 11:14:28 data_feed:129] fetch_candles: 1 total candles over 1 days for token 99926000
[D 260719 11:14:29 data_feed:76] Chunk 2026-07-18 – 2026-07-19: 1 candles
[I 260719 11:14:29 data_feed:129] fetch_candles: 1 total candles over 1 days for token 99926009
[D 260719 11:14:36 data_feed:76] Chunk 2026-07-18 – 2026-07-19: 1 candles
[I 260719 11:14:36 data_feed:129] fetch_candles: 1 total candles over 1 days for token 99926000
[D 260719 11:14:37 data_feed:76] Chunk 2026-07-18 – 2026-07-19: 1 candles
[I 260719 11:14:37 data_feed:129] fetch_candles: 1 total candles over 1 days for token 99926009
[D 260719 11:15:29 data_feed:76] Chunk 2026-07-18 – 2026-07-19: 1 candles
[I 260719 11:15:29 data_feed:129] fetch_candles: 1 total candles over 1 days for token 99926000
[D 260719 11:15:29 data_feed:76] Chunk 2026-07-18 – 2026-07-19: 1 candles
[I 260719 11:15:29 data_feed:129] fetch_candles: 1 total candles over 1 days for token 99926009
[D 260719 11:15:37 data_feed:76] Chunk 2026-07-18 – 2026-07-19: 1 candles
[I 260719 11:15:37 data_feed:129] fetch_candles: 1 total candles over 1 days for token 99926000
[D 260719 11:15:37 data_feed:76] Chunk 2026-07-18 – 2026-07-19: 1 candles
[I 260719 11:15:37 data_feed:129] fetch_candles: 1 total candles over 1 days for token 99926009
[D 260719 11:16:30 data_feed:76] Chunk 2026-07-18 – 2026-07-19: 1 candles
[I 260719 11:16:30 data_feed:129] fetch_candles: 1 total candles over 1 days for token 99926000
[D 260719 11:16:30 data_feed:76] Chunk 2026-07-18 – 2026-07-19: 1 candles
[I 260719 11:16:30 data_feed:129] fetch_candles: 1 total candles over 1 days for token 99926009
[D 260719 11:16:38 data_feed:76] Chunk 2026-07-18 – 2026-07-19: 1 candles
[I 260719 11:16:38 data_feed:129] fetch_candles: 1 total candles over 1 days for token 99926000
[D 260719 11:16:38 data_feed:76] Chunk 2026-07-18 – 2026-07-19: 1 candles
[I 260719 11:16:38 data_feed:129] fetch_candles: 1 total candles over 1 days for token 99926009
[D 260719 11:17:31 data_feed:76] Chunk 2026-07-18 – 2026-07-19: 1 candles
[I 260719 11:17:31 data_feed:129] fetch_candles: 1 total candles over 1 days for token 99926000
[D 260719 11:17:31 data_feed:76] Chunk 2026-07-18 – 2026-07-19: 1 candles
[I 260719 11:17:31 data_feed:129] fetch_candles: 1 total candles over 1 days for token 99926009
[D 260719 11:17:39 data_feed:76] Chunk 2026-07-18 – 2026-07-19: 1 candles
[I 260719 11:17:39 data_feed:129] fetch_candles: 1 total candles over 1 days for token 99926000
[D 260719 11:17:39 data_feed:76] Chunk 2026-07-18 – 2026-07-19: 1 candles
[I 260719 11:17:39 data_feed:129] fetch_candles: 1 total candles over 1 days for token 99926009
[D 260719 11:18:32 data_feed:76] Chunk 2026-07-18 – 2026-07-19: 1 candles
[I 260719 11:18:32 data_feed:129] fetch_candles: 1 total candles over 1 days for token 99926000
[D 260719 11:18:32 data_feed:76] Chunk 2026-07-18 – 2026-07-19: 1 candles
[I 260719 11:18:32 data_feed:129] fetch_candles: 1 total candles over 1 days for token 99926009
[D 260719 11:18:40 data_feed:76] Chunk 2026-07-18 – 2026-07-19: 1 candles
[I 260719 11:18:40 data_feed:129] fetch_candles: 1 total candles over 1 days for token 99926000
[D 260719 11:18:40 data_feed:76] Chunk 2026-07-18 – 2026-07-19: 1 candles
[I 260719 11:18:40 data_feed:129] fetch_candles: 1 total candles over 1 days for token 99926009
[D 260719 11:19:33 data_feed:76] Chunk 2026-07-18 – 2026-07-19: 1 candles
[I 260719 11:19:33 data_feed:129] fetch_candles: 1 total candles over 1 days for token 99926000
[D 260719 11:19:33 data_feed:76] Chunk 2026-07-18 – 2026-07-19: 1 candles
[I 260719 11:19:33 data_feed:129] fetch_candles: 1 total candles over 1 days for token 99926009
[D 260719 11:19:41 data_feed:76] Chunk 2026-07-18 – 2026-07-19: 1 candles
[I 260719 11:19:41 data_feed:129] fetch_candles: 1 total candles over 1 days for token 99926000
[D 260719 11:19:41 data_feed:76] Chunk 2026-07-18 – 2026-07-19: 1 candles
[I 260719 11:19:41 data_feed:129] fetch_candles: 1 total candles over 1 days for token 99926009
[D 260719 11:20:34 data_feed:76] Chunk 2026-07-18 – 2026-07-19: 1 candles
[I 260719 11:20:34 data_feed:129] fetch_candles: 1 total candles over 1 days for token 99926000
[D 260719 11:20:34 data_feed:76] Chunk 2026-07-18 – 2026-07-19: 1 candles
[I 260719 11:20:34 data_feed:129] fetch_candles: 1 total candles over 1 days for token 99926009
[D 260719 11:20:41 data_feed:76] Chunk 2026-07-18 – 2026-07-19: 1 candles
[I 260719 11:20:41 data_feed:129] fetch_candles: 1 total candles over 1 days for token 99926000
[D 260719 11:20:42 data_feed:76] Chunk 2026-07-18 – 2026-07-19: 1 candles
[I 260719 11:20:42 data_feed:129] fetch_candles: 1 total candles over 1 days for token 99926009
[D 260719 11:21:34 data_feed:76] Chunk 2026-07-18 – 2026-07-19: 1 candles
[I 260719 11:21:34 data_feed:129] fetch_candles: 1 total candles over 1 days for token 99926000
[D 260719 11:21:35 data_feed:76] Chunk 2026-07-18 – 2026-07-19: 1 candles
[I 260719 11:21:35 data_feed:129] fetch_candles: 1 total candles over 1 days for token 99926009
[D 260719 11:21:43 data_feed:76] Chunk 2026-07-18 – 2026-07-19: 1 candles
[I 260719 11:21:43 data_feed:129] fetch_candles: 1 total candles over 1 days for token 99926000
[D 260719 11:21:43 data_feed:76] Chunk 2026-07-18 – 2026-07-19: 1 candles
[I 260719 11:21:43 data_feed:129] fetch_candles: 1 total candles over 1 days for token 99926009
[D 260719 11:22:36 data_feed:76] Chunk 2026-07-18 – 2026-07-19: 1 candles
[I 260719 11:22:36 data_feed:129] fetch_candles: 1 total candles over 1 days for token 99926000
[D 260719 11:22:36 data_feed:76] Chunk 2026-07-18 – 2026-07-19: 1 candles
[I 260719 11:22:36 data_feed:129] fetch_candles: 1 total candles over 1 days for token 99926009
[D 260719 11:22:44 data_feed:76] Chunk 2026-07-18 – 2026-07-19: 1 candles
[I 260719 11:22:44 data_feed:129] fetch_candles: 1 total candles over 1 days for token 99926000
[D 260719 11:22:44 data_feed:76] Chunk 2026-07-18 – 2026-07-19: 1 candles
[I 260719 11:22:44 data_feed:129] fetch_candles: 1 total candles over 1 days for token 99926009
[D 260719 11:23:37 data_feed:76] Chunk 2026-07-18 – 2026-07-19: 1 candles
[I 260719 11:23:37 data_feed:129] fetch_candles: 1 total candles over 1 days for token 99926000
[D 260719 11:23:37 data_feed:76] Chunk 2026-07-18 – 2026-07-19: 1 candles
[I 260719 11:23:37 data_feed:129] fetch_candles: 1 total candles over 1 days for token 99926009
[D 260719 11:23:45 data_feed:76] Chunk 2026-07-18 – 2026-07-19: 1 candles
[I 260719 11:23:45 data_feed:129] fetch_candles: 1 total candles over 1 days for token 99926000
[D 260719 11:23:45 data_feed:76] Chunk 2026-07-18 – 2026-07-19: 1 candles
[I 260719 11:23:45 data_feed:129] fetch_candles: 1 total candles over 1 days for token 99926009
[D 260719 11:24:38 data_feed:76] Chunk 2026-07-18 – 2026-07-19: 1 candles
[I 260719 11:24:38 data_feed:129] fetch_candles: 1 total candles over 1 days for token 99926000
[D 260719 11:24:38 data_feed:76] Chunk 2026-07-18 – 2026-07-19: 1 candles
[I 260719 11:24:38 data_feed:129] fetch_candles: 1 total candles over 1 days for token 99926009
[D 260719 11:24:46 data_feed:76] Chunk 2026-07-18 – 2026-07-19: 1 candles
[I 260719 11:24:46 data_feed:129] fetch_candles: 1 total candles over 1 days for token 99926000
[D 260719 11:24:46 data_feed:76] Chunk 2026-07-18 – 2026-07-19: 1 candles
[I 260719 11:24:46 data_feed:129] fetch_candles: 1 total candles over 1 days for token 99926009
[D 260719 11:25:39 data_feed:76] Chunk 2026-07-18 – 2026-07-19: 1 candles
[I 260719 11:25:39 data_feed:129] fetch_candles: 1 total candles over 1 days for token 99926000
[D 260719 11:25:39 data_feed:76] Chunk 2026-07-18 – 2026-07-19: 1 candles
[I 260719 11:25:39 data_feed:129] fetch_candles: 1 total candles over 1 days for token 99926009
[D 260719 11:25:47 data_feed:76] Chunk 2026-07-18 – 2026-07-19: 1 candles
[I 260719 11:25:47 data_feed:129] fetch_candles: 1 total candles over 1 days for token 99926000
[D 260719 11:25:47 data_feed:76] Chunk 2026-07-18 – 2026-07-19: 1 candles
[I 260719 11:25:47 data_feed:129] fetch_candles: 1 total candles over 1 days for token 99926009
[D 260719 11:26:48 data_feed:76] Chunk 2026-07-18 – 2026-07-19: 1 candles
[I 260719 11:26:48 data_feed:129] fetch_candles: 1 total candles over 1 days for token 99926000
[D 260719 11:26:48 data_feed:76] Chunk 2026-07-18 – 2026-07-19: 1 candles
[I 260719 11:26:48 data_feed:129] fetch_candles: 1 total candles over 1 days for token 99926009
[D 260719 11:27:49 data_feed:76] Chunk 2026-07-18 – 2026-07-19: 1 candles
[I 260719 11:27:49 data_feed:129] fetch_candles: 1 total candles over 1 days for token 99926000
[D 260719 11:27:50 data_feed:76] Chunk 2026-07-18 – 2026-07-19: 1 candles
[I 260719 11:27:50 data_feed:129] fetch_candles: 1 total candles over 1 days for token 99926009
[D 260719 11:28:50 data_feed:76] Chunk 2026-07-18 – 2026-07-19: 1 candles
[I 260719 11:28:50 data_feed:129] fetch_candles: 1 total candles over 1 days for token 99926000
[D 260719 11:28:50 data_feed:76] Chunk 2026-07-18 – 2026-07-19: 1 candles
[I 260719 11:28:50 data_feed:129] fetch_candles: 1 total candles over 1 days for token 99926009
[D 260719 11:29:51 data_feed:76] Chunk 2026-07-18 – 2026-07-19: 1 candles
[I 260719 11:29:51 data_feed:129] fetch_candles: 1 total candles over 1 days for token 99926000
[D 260719 11:29:51 data_feed:76] Chunk 2026-07-18 – 2026-07-19: 1 candles
[I 260719 11:29:51 data_feed:129] fetch_candles: 1 total candles over 1 days for token 99926009
[D 260719 11:30:52 data_feed:76] Chunk 2026-07-18 – 2026-07-19: 1 candles
[I 260719 11:30:52 data_feed:129] fetch_candles: 1 total candles over 1 days for token 99926000
[D 260719 11:30:52 data_feed:76] Chunk 2026-07-18 – 2026-07-19: 1 candles
[I 260719 11:30:52 data_feed:129] fetch_candles: 1 total candles over 1 days for token 99926009
[D 260719 11:31:53 data_feed:76] Chunk 2026-07-18 – 2026-07-19: 1 candles
[I 260719 11:31:53 data_feed:129] fetch_candles: 1 total candles over 1 days for token 99926000
[D 260719 11:31:53 data_feed:76] Chunk 2026-07-18 – 2026-07-19: 1 candles
[I 260719 11:31:53 data_feed:129] fetch_candles: 1 total candles over 1 days for token 99926009
[D 260719 11:32:54 data_feed:76] Chunk 2026-07-18 – 2026-07-19: 1 candles
[I 260719 11:32:54 data_feed:129] fetch_candles: 1 total candles over 1 days for token 99926000
[D 260719 11:32:54 data_feed:76] Chunk 2026-07-18 – 2026-07-19: 1 candles
[I 260719 11:32:54 data_feed:129] fetch_candles: 1 total candles over 1 days for token 99926009
[D 260719 11:33:55 data_feed:76] Chunk 2026-07-18 – 2026-07-19: 1 candles
[I 260719 11:33:55 data_feed:129] fetch_candles: 1 total candles over 1 days for token 99926000
[D 260719 11:33:55 data_feed:76] Chunk 2026-07-18 – 2026-07-19: 1 candles
[I 260719 11:33:55 data_feed:129] fetch_candles: 1 total candles over 1 days for token 99926009
[D 260719 11:34:56 data_feed:76] Chunk 2026-07-18 – 2026-07-19: 1 candles
[I 260719 11:34:56 data_feed:129] fetch_candles: 1 total candles over 1 days for token 99926000
[D 260719 11:34:56 data_feed:76] Chunk 2026-07-18 – 2026-07-19: 1 candles
[I 260719 11:34:56 data_feed:129] fetch_candles: 1 total candles over 1 days for token 99926009
[D 260719 11:35:57 data_feed:76] Chunk 2026-07-18 – 2026-07-19: 1 candles
[I 260719 11:35:57 data_feed:129] fetch_candles: 1 total candles over 1 days for token 99926000
[D 260719 11:35:57 data_feed:76] Chunk 2026-07-18 – 2026-07-19: 1 candles
[I 260719 11:35:57 data_feed:129] fetch_candles: 1 total candles over 1 days for token 99926009
[D 260719 11:36:58 data_feed:76] Chunk 2026-07-14 – 2026-07-19: 300 candles
[I 260719 11:36:58 data_feed:129] fetch_candles: 300 total candles over 5 days for token 1333
[D 260719 11:36:58 data_feed:76] Chunk 2026-07-14 – 2026-07-19: 300 candles
[I 260719 11:36:58 data_feed:129] fetch_candles: 300 total candles over 5 days for token 4963
[D 260719 11:36:59 data_feed:76] Chunk 2026-07-18 – 2026-07-19: 1 candles
[I 260719 11:36:59 data_feed:129] fetch_candles: 1 total candles over 1 days for token 99926000
[D 260719 11:37:00 data_feed:76] Chunk 2026-07-18 – 2026-07-19: 1 candles
[I 260719 11:37:00 data_feed:129] fetch_candles: 1 total candles over 1 days for token 99926009
[D 260719 11:37:59 data_feed:76] Chunk 2026-07-14 – 2026-07-19: 300 candles
[I 260719 11:37:59 data_feed:129] fetch_candles: 300 total candles over 5 days for token 1333
[D 260719 11:37:59 data_feed:76] Chunk 2026-07-14 – 2026-07-19: 300 candles
[I 260719 11:37:59 data_feed:129] fetch_candles: 300 total candles over 5 days for token 4963
[D 260719 11:38:00 data_feed:76] Chunk 2026-07-18 – 2026-07-19: 1 candles
[I 260719 11:38:00 data_feed:129] fetch_candles: 1 total candles over 1 days for token 99926000
[D 260719 11:38:00 data_feed:76] Chunk 2026-07-18 – 2026-07-19: 1 candles
[I 260719 11:38:00 data_feed:129] fetch_candles: 1 total candles over 1 days for token 99926009
[D 260719 11:39:00 data_feed:76] Chunk 2026-07-14 – 2026-07-19: 300 candles
[I 260719 11:39:00 data_feed:129] fetch_candles: 300 total candles over 5 days for token 1333
[D 260719 11:39:00 data_feed:76] Chunk 2026-07-14 – 2026-07-19: 300 candles
[I 260719 11:39:00 data_feed:129] fetch_candles: 300 total candles over 5 days for token 4963
[D 260719 11:39:01 data_feed:76] Chunk 2026-07-18 – 2026-07-19: 1 candles
[I 260719 11:39:01 data_feed:129] fetch_candles: 1 total candles over 1 days for token 99926000
[D 260719 11:39:01 data_feed:76] Chunk 2026-07-18 – 2026-07-19: 1 candles
[I 260719 11:39:01 data_feed:129] fetch_candles: 1 total candles over 1 days for token 99926009
[I 260719 11:39:52 smartConnect:124] in pool
[D 260719 11:40:00 data_feed:76] Chunk 2026-07-14 – 2026-07-19: 300 candles
[I 260719 11:40:00 data_feed:129] fetch_candles: 300 total candles over 5 days for token 1333
[D 260719 11:40:01 data_feed:76] Chunk 2026-07-14 – 2026-07-19: 300 candles
[I 260719 11:40:01 data_feed:129] fetch_candles: 300 total candles over 5 days for token 4963
[D 260719 11:40:01 data_feed:76] Chunk 2026-07-18 – 2026-07-19: 1 candles
[I 260719 11:40:01 data_feed:129] fetch_candles: 1 total candles over 1 days for token 99926000
[D 260719 11:40:02 data_feed:76] Chunk 2026-07-18 – 2026-07-19: 1 candles
[I 260719 11:40:02 data_feed:129] fetch_candles: 1 total candles over 1 days for token 99926009
[I 260719 11:40:37 smartConnect:124] in pool
[D 260719 11:41:02 data_feed:76] Chunk 2026-07-14 – 2026-07-19: 300 candles
[I 260719 11:41:02 data_feed:129] fetch_candles: 300 total candles over 5 days for token 1333
[D 260719 11:41:02 data_feed:76] Chunk 2026-07-14 – 2026-07-19: 300 candles
[I 260719 11:41:02 data_feed:129] fetch_candles: 300 total candles over 5 days for token 4963
[D 260719 11:41:02 data_feed:76] Chunk 2026-07-18 – 2026-07-19: 1 candles
[I 260719 11:41:02 data_feed:129] fetch_candles: 1 total candles over 1 days for token 99926000
[D 260719 11:41:03 data_feed:76] Chunk 2026-07-18 – 2026-07-19: 1 candles
[I 260719 11:41:03 data_feed:129] fetch_candles: 1 total candles over 1 days for token 99926009
[D 260719 11:42:03 data_feed:76] Chunk 2026-07-18 – 2026-07-19: 1 candles
[I 260719 11:42:03 data_feed:129] fetch_candles: 1 total candles over 1 days for token 99926000
[D 260719 11:42:03 data_feed:76] Chunk 2026-07-18 – 2026-07-19: 1 candles
[I 260719 11:42:03 data_feed:129] fetch_candles: 1 total candles over 1 days for token 99926009
[I 260719 11:42:50 smartConnect:124] in pool
[D 260719 11:43:03 data_feed:76] Chunk 2026-07-18 – 2026-07-19: 1 candles
[I 260719 11:43:03 data_feed:129] fetch_candles: 1 total candles over 1 days for token 99926000
[D 260719 11:43:03 data_feed:76] Chunk 2026-07-18 – 2026-07-19: 1 candles
[I 260719 11:43:03 data_feed:129] fetch_candles: 1 total candles over 1 days for token 99926009
[D 260719 11:44:03 data_feed:76] Chunk 2026-07-18 – 2026-07-19: 1 candles
[I 260719 11:44:03 data_feed:129] fetch_candles: 1 total candles over 1 days for token 99926000
[D 260719 11:44:03 data_feed:76] Chunk 2026-07-18 – 2026-07-19: 1 candles
[I 260719 11:44:03 data_feed:129] fetch_candles: 1 total candles over 1 days for token 99926009
[D 260719 11:45:03 data_feed:76] Chunk 2026-07-18 – 2026-07-19: 1 candles
[I 260719 11:45:03 data_feed:129] fetch_candles: 1 total candles over 1 days for token 99926000
[D 260719 11:45:03 data_feed:76] Chunk 2026-07-18 – 2026-07-19: 1 candles
[I 260719 11:45:03 data_feed:129] fetch_candles: 1 total candles over 1 days for token 99926009
[D 260719 11:46:03 data_feed:76] Chunk 2026-07-18 – 2026-07-19: 1 candles
[I 260719 11:46:03 data_feed:129] fetch_candles: 1 total candles over 1 days for token 99926000
[D 260719 11:46:03 data_feed:76] Chunk 2026-07-18 – 2026-07-19: 1 candles
[I 260719 11:46:03 data_feed:129] fetch_candles: 1 total candles over 1 days for token 99926009
[D 260719 11:47:03 data_feed:76] Chunk 2026-07-18 – 2026-07-19: 1 candles
[I 260719 11:47:03 data_feed:129] fetch_candles: 1 total candles over 1 days for token 99926000
[D 260719 11:47:03 data_feed:76] Chunk 2026-07-18 – 2026-07-19: 1 candles
[I 260719 11:47:03 data_feed:129] fetch_candles: 1 total candles over 1 days for token 99926009
[D 260719 11:48:03 data_feed:76] Chunk 2026-07-18 – 2026-07-19: 1 candles
[I 260719 11:48:03 data_feed:129] fetch_candles: 1 total candles over 1 days for token 99926000
[D 260719 11:48:03 data_feed:76] Chunk 2026-07-18 – 2026-07-19: 1 candles
[I 260719 11:48:03 data_feed:129] fetch_candles: 1 total candles over 1 days for token 99926009
[D 260719 11:49:03 data_feed:76] Chunk 2026-07-18 – 2026-07-19: 1 candles
[I 260719 11:49:03 data_feed:129] fetch_candles: 1 total candles over 1 days for token 99926000
[D 260719 11:49:03 data_feed:76] Chunk 2026-07-18 – 2026-07-19: 1 candles
[I 260719 11:49:03 data_feed:129] fetch_candles: 1 total candles over 1 days for token 99926009
[I 260719 11:49:33 smartConnect:124] in pool
[D 260719 11:50:03 data_feed:76] Chunk 2026-07-18 – 2026-07-19: 1 candles
[I 260719 11:50:03 data_feed:129] fetch_candles: 1 total candles over 1 days for token 99926000
[D 260719 11:50:03 data_feed:76] Chunk 2026-07-18 – 2026-07-19: 1 candles
[I 260719 11:50:03 data_feed:129] fetch_candles: 1 total candles over 1 days for token 99926009
[I 260719 11:50:08 smartConnect:124] in pool
[D 260719 11:51:03 data_feed:76] Chunk 2026-07-18 – 2026-07-19: 1 candles
[I 260719 11:51:03 data_feed:129] fetch_candles: 1 total candles over 1 days for token 99926000
[D 260719 11:51:03 data_feed:76] Chunk 2026-07-18 – 2026-07-19: 1 candles
[I 260719 11:51:03 data_feed:129] fetch_candles: 1 total candles over 1 days for token 99926009
[I 260719 11:51:04 smartConnect:124] in pool
[D 260719 11:52:03 data_feed:76] Chunk 2026-07-18 – 2026-07-19: 1 candles
[I 260719 11:52:03 data_feed:129] fetch_candles: 1 total candles over 1 days for token 99926000
[D 260719 11:52:03 data_feed:76] Chunk 2026-07-18 – 2026-07-19: 1 candles
[I 260719 11:52:03 data_feed:129] fetch_candles: 1 total candles over 1 days for token 99926009
[D 260719 11:53:03 data_feed:76] Chunk 2026-07-18 – 2026-07-19: 1 candles
[I 260719 11:53:03 data_feed:129] fetch_candles: 1 total candles over 1 days for token 99926000
[D 260719 11:53:03 data_feed:76] Chunk 2026-07-18 – 2026-07-19: 1 candles
[I 260719 11:53:03 data_feed:129] fetch_candles: 1 total candles over 1 days for token 99926009
[I 260719 12:01:30 smartConnect:124] in pool
[I 260719 12:01:50 smartConnect:124] in pool
[I 260719 12:13:27 smartConnect:124] in pool
